This is pdfTeX, Version 3.1415926-2.5-1.40.14 (TeX Live 2013/Debian) (format=pdflatex 2016.7.10)  23 JUL 2016 05:00
entering extended mode
 restricted \write18 enabled.
 %&-line parsing enabled.
**"Windows sifrovani mejl.tex"
(./Windows sifrovani mejl.tex
LaTeX2e <2011/06/27>
Babel <3.9h> and hyphenation patterns for 78 languages loaded.
(/usr/share/texlive/texmf-dist/tex/latex/base/article.cls
Document Class: article 2007/10/19 v1.4h Standard LaTeX document class
(/usr/share/texlive/texmf-dist/tex/latex/base/size11.clo
File: size11.clo 2007/10/19 v1.4h Standard LaTeX file (size option)
)
\c@part=\count79
\c@section=\count80
\c@subsection=\count81
\c@subsubsection=\count82
\c@paragraph=\count83
\c@subparagraph=\count84
\c@figure=\count85
\c@table=\count86
\abovecaptionskip=\skip41
\belowcaptionskip=\skip42
\bibindent=\dimen102
)
(/usr/share/texlive/texmf-dist/tex/latex/base/fontenc.sty
Package: fontenc 2005/09/27 v1.99g Standard LaTeX package

(/usr/share/texlive/texmf-dist/tex/latex/base/t1enc.def
File: t1enc.def 2005/09/27 v1.99g Standard LaTeX file
LaTeX Font Info:    Redeclaring font encoding T1 on input line 43.
))
(/usr/share/texlive/texmf-dist/tex/latex/base/inputenc.sty
Package: inputenc 2008/03/30 v1.1d Input encoding file
\inpenc@prehook=\toks14
\inpenc@posthook=\toks15

(/usr/share/texlive/texmf-dist/tex/latex/base/utf8.def
File: utf8.def 2008/04/05 v1.1m UTF-8 support for inputenc
Now handling font encoding OML ...
... no UTF-8 mapping file for font encoding OML
Now handling font encoding T1 ...
... processing UTF-8 mapping file for font encoding T1

(/usr/share/texlive/texmf-dist/tex/latex/base/t1enc.dfu
File: t1enc.dfu 2008/04/05 v1.1m UTF-8 support for inputenc
   defining Unicode char U+00A1 (decimal 161)
   defining Unicode char U+00A3 (decimal 163)
   defining Unicode char U+00AB (decimal 171)
   defining Unicode char U+00BB (decimal 187)
   defining Unicode char U+00BF (decimal 191)
   defining Unicode char U+00C0 (decimal 192)
   defining Unicode char U+00C1 (decimal 193)
   defining Unicode char U+00C2 (decimal 194)
   defining Unicode char U+00C3 (decimal 195)
   defining Unicode char U+00C4 (decimal 196)
   defining Unicode char U+00C5 (decimal 197)
   defining Unicode char U+00C6 (decimal 198)
   defining Unicode char U+00C7 (decimal 199)
   defining Unicode char U+00C8 (decimal 200)
   defining Unicode char U+00C9 (decimal 201)
   defining Unicode char U+00CA (decimal 202)
   defining Unicode char U+00CB (decimal 203)
   defining Unicode char U+00CC (decimal 204)
   defining Unicode char U+00CD (decimal 205)
   defining Unicode char U+00CE (decimal 206)
   defining Unicode char U+00CF (decimal 207)
   defining Unicode char U+00D0 (decimal 208)
   defining Unicode char U+00D1 (decimal 209)
   defining Unicode char U+00D2 (decimal 210)
   defining Unicode char U+00D3 (decimal 211)
   defining Unicode char U+00D4 (decimal 212)
   defining Unicode char U+00D5 (decimal 213)
   defining Unicode char U+00D6 (decimal 214)
   defining Unicode char U+00D8 (decimal 216)
   defining Unicode char U+00D9 (decimal 217)
   defining Unicode char U+00DA (decimal 218)
   defining Unicode char U+00DB (decimal 219)
   defining Unicode char U+00DC (decimal 220)
   defining Unicode char U+00DD (decimal 221)
   defining Unicode char U+00DE (decimal 222)
   defining Unicode char U+00DF (decimal 223)
   defining Unicode char U+00E0 (decimal 224)
   defining Unicode char U+00E1 (decimal 225)
   defining Unicode char U+00E2 (decimal 226)
   defining Unicode char U+00E3 (decimal 227)
   defining Unicode char U+00E4 (decimal 228)
   defining Unicode char U+00E5 (decimal 229)
   defining Unicode char U+00E6 (decimal 230)
   defining Unicode char U+00E7 (decimal 231)
   defining Unicode char U+00E8 (decimal 232)
   defining Unicode char U+00E9 (decimal 233)
   defining Unicode char U+00EA (decimal 234)
   defining Unicode char U+00EB (decimal 235)
   defining Unicode char U+00EC (decimal 236)
   defining Unicode char U+00ED (decimal 237)
   defining Unicode char U+00EE (decimal 238)
   defining Unicode char U+00EF (decimal 239)
   defining Unicode char U+00F0 (decimal 240)
   defining Unicode char U+00F1 (decimal 241)
   defining Unicode char U+00F2 (decimal 242)
   defining Unicode char U+00F3 (decimal 243)
   defining Unicode char U+00F4 (decimal 244)
   defining Unicode char U+00F5 (decimal 245)
   defining Unicode char U+00F6 (decimal 246)
   defining Unicode char U+00F8 (decimal 248)
   defining Unicode char U+00F9 (decimal 249)
   defining Unicode char U+00FA (decimal 250)
   defining Unicode char U+00FB (decimal 251)
   defining Unicode char U+00FC (decimal 252)
   defining Unicode char U+00FD (decimal 253)
   defining Unicode char U+00FE (decimal 254)
   defining Unicode char U+00FF (decimal 255)
   defining Unicode char U+0102 (decimal 258)
   defining Unicode char U+0103 (decimal 259)
   defining Unicode char U+0104 (decimal 260)
   defining Unicode char U+0105 (decimal 261)
   defining Unicode char U+0106 (decimal 262)
   defining Unicode char U+0107 (decimal 263)
   defining Unicode char U+010C (decimal 268)
   defining Unicode char U+010D (decimal 269)
   defining Unicode char U+010E (decimal 270)
   defining Unicode char U+010F (decimal 271)
   defining Unicode char U+0110 (decimal 272)
   defining Unicode char U+0111 (decimal 273)
   defining Unicode char U+0118 (decimal 280)
   defining Unicode char U+0119 (decimal 281)
   defining Unicode char U+011A (decimal 282)
   defining Unicode char U+011B (decimal 283)
   defining Unicode char U+011E (decimal 286)
   defining Unicode char U+011F (decimal 287)
   defining Unicode char U+0130 (decimal 304)
   defining Unicode char U+0131 (decimal 305)
   defining Unicode char U+0132 (decimal 306)
   defining Unicode char U+0133 (decimal 307)
   defining Unicode char U+0139 (decimal 313)
   defining Unicode char U+013A (decimal 314)
   defining Unicode char U+013D (decimal 317)
   defining Unicode char U+013E (decimal 318)
   defining Unicode char U+0141 (decimal 321)
   defining Unicode char U+0142 (decimal 322)
   defining Unicode char U+0143 (decimal 323)
   defining Unicode char U+0144 (decimal 324)
   defining Unicode char U+0147 (decimal 327)
   defining Unicode char U+0148 (decimal 328)
   defining Unicode char U+014A (decimal 330)
   defining Unicode char U+014B (decimal 331)
   defining Unicode char U+0150 (decimal 336)
   defining Unicode char U+0151 (decimal 337)
   defining Unicode char U+0152 (decimal 338)
   defining Unicode char U+0153 (decimal 339)
   defining Unicode char U+0154 (decimal 340)
   defining Unicode char U+0155 (decimal 341)
   defining Unicode char U+0158 (decimal 344)
   defining Unicode char U+0159 (decimal 345)
   defining Unicode char U+015A (decimal 346)
   defining Unicode char U+015B (decimal 347)
   defining Unicode char U+015E (decimal 350)
   defining Unicode char U+015F (decimal 351)
   defining Unicode char U+0160 (decimal 352)
   defining Unicode char U+0161 (decimal 353)
   defining Unicode char U+0162 (decimal 354)
   defining Unicode char U+0163 (decimal 355)
   defining Unicode char U+0164 (decimal 356)
   defining Unicode char U+0165 (decimal 357)
   defining Unicode char U+016E (decimal 366)
   defining Unicode char U+016F (decimal 367)
   defining Unicode char U+0170 (decimal 368)
   defining Unicode char U+0171 (decimal 369)
   defining Unicode char U+0178 (decimal 376)
   defining Unicode char U+0179 (decimal 377)
   defining Unicode char U+017A (decimal 378)
   defining Unicode char U+017B (decimal 379)
   defining Unicode char U+017C (decimal 380)
   defining Unicode char U+017D (decimal 381)
   defining Unicode char U+017E (decimal 382)
   defining Unicode char U+200C (decimal 8204)
   defining Unicode char U+2013 (decimal 8211)
   defining Unicode char U+2014 (decimal 8212)
   defining Unicode char U+2018 (decimal 8216)
   defining Unicode char U+2019 (decimal 8217)
   defining Unicode char U+201A (decimal 8218)
   defining Unicode char U+201C (decimal 8220)
   defining Unicode char U+201D (decimal 8221)
   defining Unicode char U+201E (decimal 8222)
   defining Unicode char U+2030 (decimal 8240)
   defining Unicode char U+2031 (decimal 8241)
   defining Unicode char U+2039 (decimal 8249)
   defining Unicode char U+203A (decimal 8250)
   defining Unicode char U+2423 (decimal 9251)
)
Now handling font encoding OT1 ...
... processing UTF-8 mapping file for font encoding OT1

(/usr/share/texlive/texmf-dist/tex/latex/base/ot1enc.dfu
File: ot1enc.dfu 2008/04/05 v1.1m UTF-8 support for inputenc
   defining Unicode char U+00A1 (decimal 161)
   defining Unicode char U+00A3 (decimal 163)
   defining Unicode char U+00B8 (decimal 184)
   defining Unicode char U+00BF (decimal 191)
   defining Unicode char U+00C5 (decimal 197)
   defining Unicode char U+00C6 (decimal 198)
   defining Unicode char U+00D8 (decimal 216)
   defining Unicode char U+00DF (decimal 223)
   defining Unicode char U+00E6 (decimal 230)
   defining Unicode char U+00EC (decimal 236)
   defining Unicode char U+00ED (decimal 237)
   defining Unicode char U+00EE (decimal 238)
   defining Unicode char U+00EF (decimal 239)
   defining Unicode char U+00F8 (decimal 248)
   defining Unicode char U+0131 (decimal 305)
   defining Unicode char U+0141 (decimal 321)
   defining Unicode char U+0142 (decimal 322)
   defining Unicode char U+0152 (decimal 338)
   defining Unicode char U+0153 (decimal 339)
   defining Unicode char U+2013 (decimal 8211)
   defining Unicode char U+2014 (decimal 8212)
   defining Unicode char U+2018 (decimal 8216)
   defining Unicode char U+2019 (decimal 8217)
   defining Unicode char U+201C (decimal 8220)
   defining Unicode char U+201D (decimal 8221)
)
Now handling font encoding OMS ...
... processing UTF-8 mapping file for font encoding OMS

(/usr/share/texlive/texmf-dist/tex/latex/base/omsenc.dfu
File: omsenc.dfu 2008/04/05 v1.1m UTF-8 support for inputenc
   defining Unicode char U+00A7 (decimal 167)
   defining Unicode char U+00B6 (decimal 182)
   defining Unicode char U+00B7 (decimal 183)
   defining Unicode char U+2020 (decimal 8224)
   defining Unicode char U+2021 (decimal 8225)
   defining Unicode char U+2022 (decimal 8226)
)
Now handling font encoding OMX ...
... no UTF-8 mapping file for font encoding OMX
Now handling font encoding U ...
... no UTF-8 mapping file for font encoding U
   defining Unicode char U+00A9 (decimal 169)
   defining Unicode char U+00AA (decimal 170)
   defining Unicode char U+00AE (decimal 174)
   defining Unicode char U+00BA (decimal 186)
   defining Unicode char U+02C6 (decimal 710)
   defining Unicode char U+02DC (decimal 732)
   defining Unicode char U+200C (decimal 8204)
   defining Unicode char U+2026 (decimal 8230)
   defining Unicode char U+2122 (decimal 8482)
   defining Unicode char U+2423 (decimal 9251)
))
(/usr/share/texmf/tex/latex/lm/lmodern.sty
Package: lmodern 2009/10/30 v1.6 Latin Modern Fonts
LaTeX Font Info:    Overwriting symbol font `operators' in version `normal'
(Font)                  OT1/cmr/m/n --> OT1/lmr/m/n on input line 22.
LaTeX Font Info:    Overwriting symbol font `letters' in version `normal'
(Font)                  OML/cmm/m/it --> OML/lmm/m/it on input line 23.
LaTeX Font Info:    Overwriting symbol font `symbols' in version `normal'
(Font)                  OMS/cmsy/m/n --> OMS/lmsy/m/n on input line 24.
LaTeX Font Info:    Overwriting symbol font `largesymbols' in version `normal'
(Font)                  OMX/cmex/m/n --> OMX/lmex/m/n on input line 25.
LaTeX Font Info:    Overwriting symbol font `operators' in version `bold'
(Font)                  OT1/cmr/bx/n --> OT1/lmr/bx/n on input line 26.
LaTeX Font Info:    Overwriting symbol font `letters' in version `bold'
(Font)                  OML/cmm/b/it --> OML/lmm/b/it on input line 27.
LaTeX Font Info:    Overwriting symbol font `symbols' in version `bold'
(Font)                  OMS/cmsy/b/n --> OMS/lmsy/b/n on input line 28.
LaTeX Font Info:    Overwriting symbol font `largesymbols' in version `bold'
(Font)                  OMX/cmex/m/n --> OMX/lmex/m/n on input line 29.
LaTeX Font Info:    Overwriting math alphabet `\mathbf' in version `normal'
(Font)                  OT1/cmr/bx/n --> OT1/lmr/bx/n on input line 31.
LaTeX Font Info:    Overwriting math alphabet `\mathsf' in version `normal'
(Font)                  OT1/cmss/m/n --> OT1/lmss/m/n on input line 32.
LaTeX Font Info:    Overwriting math alphabet `\mathit' in version `normal'
(Font)                  OT1/cmr/m/it --> OT1/lmr/m/it on input line 33.
LaTeX Font Info:    Overwriting math alphabet `\mathtt' in version `normal'
(Font)                  OT1/cmtt/m/n --> OT1/lmtt/m/n on input line 34.
LaTeX Font Info:    Overwriting math alphabet `\mathbf' in version `bold'
(Font)                  OT1/cmr/bx/n --> OT1/lmr/bx/n on input line 35.
LaTeX Font Info:    Overwriting math alphabet `\mathsf' in version `bold'
(Font)                  OT1/cmss/bx/n --> OT1/lmss/bx/n on input line 36.
LaTeX Font Info:    Overwriting math alphabet `\mathit' in version `bold'
(Font)                  OT1/cmr/bx/it --> OT1/lmr/bx/it on input line 37.
LaTeX Font Info:    Overwriting math alphabet `\mathtt' in version `bold'
(Font)                  OT1/cmtt/m/n --> OT1/lmtt/m/n on input line 38.
)
(/usr/share/texlive/texmf-dist/tex/latex/hyperref/hyperref.sty
Package: hyperref 2012/11/06 v6.83m Hypertext links for LaTeX

(/usr/share/texlive/texmf-dist/tex/generic/oberdiek/hobsub-hyperref.sty
Package: hobsub-hyperref 2012/05/28 v1.13 Bundle oberdiek, subset hyperref (HO)


(/usr/share/texlive/texmf-dist/tex/generic/oberdiek/hobsub-generic.sty
Package: hobsub-generic 2012/05/28 v1.13 Bundle oberdiek, subset generic (HO)
Package: hobsub 2012/05/28 v1.13 Construct package bundles (HO)
Package: infwarerr 2010/04/08 v1.3 Providing info/warning/error messages (HO)
Package: ltxcmds 2011/11/09 v1.22 LaTeX kernel commands for general use (HO)
Package: ifluatex 2010/03/01 v1.3 Provides the ifluatex switch (HO)
Package ifluatex Info: LuaTeX not detected.
Package: ifvtex 2010/03/01 v1.5 Detect VTeX and its facilities (HO)
Package ifvtex Info: VTeX not detected.
Package: intcalc 2007/09/27 v1.1 Expandable calculations with integers (HO)
Package: ifpdf 2011/01/30 v2.3 Provides the ifpdf switch (HO)
Package ifpdf Info: pdfTeX in PDF mode is detected.
Package: etexcmds 2011/02/16 v1.5 Avoid name clashes with e-TeX commands (HO)
Package etexcmds Info: Could not find \expanded.
(etexcmds)             That can mean that you are not using pdfTeX 1.50 or
(etexcmds)             that some package has redefined \expanded.
(etexcmds)             In the latter case, load this package earlier.
Package: kvsetkeys 2012/04/25 v1.16 Key value parser (HO)
Package: kvdefinekeys 2011/04/07 v1.3 Define keys (HO)
Package: pdftexcmds 2011/11/29 v0.20 Utility functions of pdfTeX for LuaTeX (HO
)
Package pdftexcmds Info: LuaTeX not detected.
Package pdftexcmds Info: \pdf@primitive is available.
Package pdftexcmds Info: \pdf@ifprimitive is available.
Package pdftexcmds Info: \pdfdraftmode found.
Package: pdfescape 2011/11/25 v1.13 Implements pdfTeX's escape features (HO)
Package: bigintcalc 2012/04/08 v1.3 Expandable calculations on big integers (HO
)
Package: bitset 2011/01/30 v1.1 Handle bit-vector datatype (HO)
Package: uniquecounter 2011/01/30 v1.2 Provide unlimited unique counter (HO)
)
Package hobsub Info: Skipping package `hobsub' (already loaded).
Package: letltxmacro 2010/09/02 v1.4 Let assignment for LaTeX macros (HO)
Package: hopatch 2012/05/28 v1.2 Wrapper for package hooks (HO)
Package: xcolor-patch 2011/01/30 xcolor patch
Package: atveryend 2011/06/30 v1.8 Hooks at the very end of document (HO)
Package atveryend Info: \enddocument detected (standard20110627).
Package: atbegshi 2011/10/05 v1.16 At begin shipout hook (HO)
Package: refcount 2011/10/16 v3.4 Data extraction from label references (HO)
Package: hycolor 2011/01/30 v1.7 Color options for hyperref/bookmark (HO)
)
(/usr/share/texlive/texmf-dist/tex/latex/graphics/keyval.sty
Package: keyval 1999/03/16 v1.13 key=value parser (DPC)
\KV@toks@=\toks16
)
(/usr/share/texlive/texmf-dist/tex/generic/ifxetex/ifxetex.sty
Package: ifxetex 2010/09/12 v0.6 Provides ifxetex conditional
)
(/usr/share/texlive/texmf-dist/tex/latex/oberdiek/auxhook.sty
Package: auxhook 2011/03/04 v1.3 Hooks for auxiliary files (HO)
)
(/usr/share/texlive/texmf-dist/tex/latex/oberdiek/kvoptions.sty
Package: kvoptions 2011/06/30 v3.11 Key value format for package options (HO)
)
\@linkdim=\dimen103
\Hy@linkcounter=\count87
\Hy@pagecounter=\count88

(/usr/share/texlive/texmf-dist/tex/latex/hyperref/pd1enc.def
File: pd1enc.def 2012/11/06 v6.83m Hyperref: PDFDocEncoding definition (HO)
Now handling font encoding PD1 ...
... no UTF-8 mapping file for font encoding PD1
)
\Hy@SavedSpaceFactor=\count89

(/usr/share/texlive/texmf-dist/tex/latex/latexconfig/hyperref.cfg
File: hyperref.cfg 2002/06/06 v1.2 hyperref configuration of TeXLive
)
Package hyperref Info: Hyper figures OFF on input line 4443.
Package hyperref Info: Link nesting OFF on input line 4448.
Package hyperref Info: Hyper index ON on input line 4451.
Package hyperref Info: Plain pages OFF on input line 4458.
Package hyperref Info: Backreferencing OFF on input line 4463.
Package hyperref Info: Implicit mode ON; LaTeX internals redefined.
Package hyperref Info: Bookmarks ON on input line 4688.
\c@Hy@tempcnt=\count90

(/usr/share/texlive/texmf-dist/tex/latex/url/url.sty
\Urlmuskip=\muskip10
Package: url 2013/09/16  ver 3.4  Verb mode for urls, etc.
)
LaTeX Info: Redefining \url on input line 5041.
\XeTeXLinkMargin=\dimen104
\Fld@menulength=\count91
\Field@Width=\dimen105
\Fld@charsize=\dimen106
Package hyperref Info: Hyper figures OFF on input line 6295.
Package hyperref Info: Link nesting OFF on input line 6300.
Package hyperref Info: Hyper index ON on input line 6303.
Package hyperref Info: backreferencing OFF on input line 6310.
Package hyperref Info: Link coloring OFF on input line 6315.
Package hyperref Info: Link coloring with OCG OFF on input line 6320.
Package hyperref Info: PDF/A mode OFF on input line 6325.
LaTeX Info: Redefining \ref on input line 6365.
LaTeX Info: Redefining \pageref on input line 6369.
\Hy@abspage=\count92
\c@Item=\count93
\c@Hfootnote=\count94
)

Package hyperref Message: Driver (autodetected): hpdftex.

(/usr/share/texlive/texmf-dist/tex/latex/hyperref/hpdftex.def
File: hpdftex.def 2012/11/06 v6.83m Hyperref driver for pdfTeX
\Fld@listcount=\count95
\c@bookmark@seq@number=\count96

(/usr/share/texlive/texmf-dist/tex/latex/oberdiek/rerunfilecheck.sty
Package: rerunfilecheck 2011/04/15 v1.7 Rerun checks for auxiliary files (HO)
Package uniquecounter Info: New unique counter `rerunfilecheck' on input line 2
82.
)
\Hy@SectionHShift=\skip43
)
(/usr/share/texlive/texmf-dist/tex/latex/graphics/graphicx.sty
Package: graphicx 1999/02/16 v1.0f Enhanced LaTeX Graphics (DPC,SPQR)

(/usr/share/texlive/texmf-dist/tex/latex/graphics/graphics.sty
Package: graphics 2009/02/05 v1.0o Standard LaTeX Graphics (DPC,SPQR)

(/usr/share/texlive/texmf-dist/tex/latex/graphics/trig.sty
Package: trig 1999/03/16 v1.09 sin cos tan (DPC)
)
(/usr/share/texlive/texmf-dist/tex/latex/latexconfig/graphics.cfg
File: graphics.cfg 2010/04/23 v1.9 graphics configuration of TeX Live
)
Package graphics Info: Driver file: pdftex.def on input line 91.

(/usr/share/texlive/texmf-dist/tex/latex/pdftex-def/pdftex.def
File: pdftex.def 2011/05/27 v0.06d Graphics/color for pdfTeX
\Gread@gobject=\count97
))
\Gin@req@height=\dimen107
\Gin@req@width=\dimen108
)
(/usr/share/texlive/texmf-dist/tex/generic/babel/babel.sty
Package: babel 2013/12/03 3.9h The Babel package

(/usr/share/texlive/texmf-dist/tex/generic/babel-english/english.ldf
Language: english 2012/08/20 v3.3p English support from the babel system

(/usr/share/texlive/texmf-dist/tex/generic/babel/babel.def
File: babel.def 2013/12/03 3.9h Babel common definitions
\babel@savecnt=\count98
\U@D=\dimen109
)
\l@canadian = a dialect from \language\l@american 
\l@australian = a dialect from \language\l@british 
\l@newzealand = a dialect from \language\l@british 
))
(./Windows sifrovani mejl.aux

LaTeX Warning: Label `initialscreen' multiply defined.


LaTeX Warning: Label `initialscreen' multiply defined.


LaTeX Warning: Label `initialscreen' multiply defined.


LaTeX Warning: Label `initialscreen' multiply defined.


LaTeX Warning: Label `initialscreen' multiply defined.


LaTeX Warning: Label `initialscreen' multiply defined.


LaTeX Warning: Label `initialscreen' multiply defined.


LaTeX Warning: Label `initialscreen' multiply defined.


LaTeX Warning: Label `initialscreen' multiply defined.


LaTeX Warning: Label `initialscreen' multiply defined.


LaTeX Warning: Label `initialscreen' multiply defined.


LaTeX Warning: Label `initialscreen' multiply defined.


LaTeX Warning: Label `initialscreen' multiply defined.


LaTeX Warning: Label `initialscreen' multiply defined.


LaTeX Warning: Label `initialscreen' multiply defined.


LaTeX Warning: Label `initialscreen' multiply defined.


LaTeX Warning: Label `initialscreen' multiply defined.


LaTeX Warning: Label `initialscreen' multiply defined.


LaTeX Warning: Label `initialscreen' multiply defined.


LaTeX Warning: Label `initialscreen' multiply defined.


LaTeX Warning: Label `initialscreen' multiply defined.


LaTeX Warning: Label `initialscreen' multiply defined.


LaTeX Warning: Label `initialscreen' multiply defined.


LaTeX Warning: Label `initialscreen' multiply defined.


LaTeX Warning: Label `initialscreen' multiply defined.


LaTeX Warning: Label `initialscreen' multiply defined.


LaTeX Warning: Label `Email_provider_sees_encrypted_message' multiply defined.


LaTeX Warning: Label `Email_provider_sees_encrypted_message' multiply defined.

)
\openout1 = `"Windows sifrovani mejl.aux"'.

LaTeX Font Info:    Checking defaults for OML/cmm/m/it on input line 35.
LaTeX Font Info:    ... okay on input line 35.
LaTeX Font Info:    Checking defaults for T1/cmr/m/n on input line 35.
LaTeX Font Info:    ... okay on input line 35.
LaTeX Font Info:    Checking defaults for OT1/cmr/m/n on input line 35.
LaTeX Font Info:    ... okay on input line 35.
LaTeX Font Info:    Checking defaults for OMS/cmsy/m/n on input line 35.
LaTeX Font Info:    ... okay on input line 35.
LaTeX Font Info:    Checking defaults for OMX/cmex/m/n on input line 35.
LaTeX Font Info:    ... okay on input line 35.
LaTeX Font Info:    Checking defaults for U/cmr/m/n on input line 35.
LaTeX Font Info:    ... okay on input line 35.
LaTeX Font Info:    Checking defaults for PD1/pdf/m/n on input line 35.
LaTeX Font Info:    ... okay on input line 35.
LaTeX Font Info:    Try loading font information for T1+lmr on input line 35.
 (/usr/share/texmf/tex/latex/lm/t1lmr.fd
File: t1lmr.fd 2009/10/30 v1.6 Font defs for Latin Modern
)
\AtBeginShipoutBox=\box26
Package hyperref Info: Link coloring OFF on input line 35.

(/usr/share/texlive/texmf-dist/tex/latex/hyperref/nameref.sty
Package: nameref 2012/10/27 v2.43 Cross-referencing by name of section

(/usr/share/texlive/texmf-dist/tex/generic/oberdiek/gettitlestring.sty
Package: gettitlestring 2010/12/03 v1.4 Cleanup title references (HO)
)
\c@section@level=\count99
)
LaTeX Info: Redefining \ref on input line 35.
LaTeX Info: Redefining \pageref on input line 35.
LaTeX Info: Redefining \nameref on input line 35.

(./Windows sifrovani mejl.out) (./Windows sifrovani mejl.out)
\@outlinefile=\write3
\openout3 = `"Windows sifrovani mejl.out"'.


(/usr/share/texlive/texmf-dist/tex/context/base/supp-pdf.mkii
[Loading MPS to PDF converter (version 2006.09.02).]
\scratchcounter=\count100
\scratchdimen=\dimen110
\scratchbox=\box27
\nofMPsegments=\count101
\nofMParguments=\count102
\everyMPshowfont=\toks17
\MPscratchCnt=\count103
\MPscratchDim=\dimen111
\MPnumerator=\count104
\makeMPintoPDFobject=\count105
\everyMPtoPDFconversion=\toks18
) (/usr/share/texlive/texmf-dist/tex/latex/oberdiek/epstopdf-base.sty
Package: epstopdf-base 2010/02/09 v2.5 Base part for package epstopdf

(/usr/share/texlive/texmf-dist/tex/latex/oberdiek/grfext.sty
Package: grfext 2010/08/19 v1.1 Manage graphics extensions (HO)
)
Package grfext Info: Graphics extension search list:
(grfext)             [.png,.pdf,.jpg,.mps,.jpeg,.jbig2,.jb2,.PNG,.PDF,.JPG,.JPE
G,.JBIG2,.JB2,.eps]
(grfext)             \AppendGraphicsExtensions on input line 452.

(/usr/share/texlive/texmf-dist/tex/latex/latexconfig/epstopdf-sys.cfg
File: epstopdf-sys.cfg 2010/07/13 v1.3 Configuration of (r)epstopdf for TeX Liv
e
))
LaTeX Font Info:    Try loading font information for OT1+lmr on input line 40.

(/usr/share/texmf/tex/latex/lm/ot1lmr.fd
File: ot1lmr.fd 2009/10/30 v1.6 Font defs for Latin Modern
)
LaTeX Font Info:    Try loading font information for OML+lmm on input line 40.

(/usr/share/texmf/tex/latex/lm/omllmm.fd
File: omllmm.fd 2009/10/30 v1.6 Font defs for Latin Modern
)
LaTeX Font Info:    Try loading font information for OMS+lmsy on input line 40.


(/usr/share/texmf/tex/latex/lm/omslmsy.fd
File: omslmsy.fd 2009/10/30 v1.6 Font defs for Latin Modern
)
LaTeX Font Info:    Try loading font information for OMX+lmex on input line 40.


(/usr/share/texmf/tex/latex/lm/omxlmex.fd
File: omxlmex.fd 2009/10/30 v1.6 Font defs for Latin Modern
)
LaTeX Font Info:    External font `lmex10' loaded for size
(Font)              <12> on input line 40.
LaTeX Font Info:    External font `lmex10' loaded for size
(Font)              <8> on input line 40.
LaTeX Font Info:    External font `lmex10' loaded for size
(Font)              <6> on input line 40.
 (./Windows sifrovani mejl.toc
LaTeX Font Info:    External font `lmex10' loaded for size
(Font)              <10.95> on input line 5.
)
\tf@toc=\write4
\openout4 = `"Windows sifrovani mejl.toc"'.


[1

{/var/lib/texmf/fonts/map/pdftex/updmap/pdftex.map}]
<01_gpg4win_download.png, id=76, 1206.5075pt x 934.49126pt>
File: 01_gpg4win_download.png Graphic file (type png)

<use 01_gpg4win_download.png>
Package pdftex.def Info: 01_gpg4win_download.png used on input line 54.
(pdftex.def)             Requested size: 360.0pt x 278.8238pt.
 [2 <./01_gpg4win_download.png>]
<02-Gpg4win_download.png, id=82, 1205.50375pt x 935.495pt>
File: 02-Gpg4win_download.png Graphic file (type png)

<use 02-Gpg4win_download.png>
Package pdftex.def Info: 02-Gpg4win_download.png used on input line 62.
(pdftex.def)             Requested size: 360.0pt x 279.36595pt.
 [3 <./02-Gpg4win_download.png>]
<03_Download_Gpg4wi_Light.png, id=88, 1206.5075pt x 972.63374pt>
File: 03_Download_Gpg4wi_Light.png Graphic file (type png)

<use 03_Download_Gpg4wi_Light.png>
Package pdftex.def Info: 03_Download_Gpg4wi_Light.png used on input line 70.
(pdftex.def)             Requested size: 256.0748pt x 206.42592pt.
LaTeX Font Info:    External font `lmex10' loaded for size
(Font)              <9> on input line 76.
LaTeX Font Info:    External font `lmex10' loaded for size
(Font)              <5> on input line 76.

<04_Downloading_Gpg4win.png, id=90, 902.6222pt x 68.50594pt>
File: 04_Downloading_Gpg4win.png Graphic file (type png)

<use 04_Downloading_Gpg4win.png>
Package pdftex.def Info: 04_Downloading_Gpg4win.png used on input line 80.
(pdftex.def)             Requested size: 360.0pt x 27.32349pt.

<05_Gpg4win_Downloaded_Gpg4win.png, id=91, 963.6pt x 53.19875pt>
File: 05_Gpg4win_Downloaded_Gpg4win.png Graphic file (type png)

<use 05_Gpg4win_Downloaded_Gpg4win.png>
Package pdftex.def Info: 05_Gpg4win_Downloaded_Gpg4win.png used on input line 8
7.
(pdftex.def)             Requested size: 360.0pt x 19.87479pt.
 [4 <./03_Download_Gpg4wi_Light.png> <./04_Downloading_Gpg4win.png> <./05_Gpg4w
in_Downloaded_Gpg4win.png>]
<06_Gpg4win_Installer_Language.png, id=106, 291.0875pt x 155.58125pt>
File: 06_Gpg4win_Installer_Language.png Graphic file (type png)

<use 06_Gpg4win_Installer_Language.png>
Package pdftex.def Info: 06_Gpg4win_Installer_Language.png used on input line 9
6.
(pdftex.def)             Requested size: 142.26378pt x 76.03842pt.

<07_Gpg4win_Setup.png, id=107, 499.8675pt x 388.45125pt>
File: 07_Gpg4win_Setup.png Graphic file (type png)

<use 07_Gpg4win_Setup.png>
Package pdftex.def Info: 07_Gpg4win_Setup.png used on input line 103.
(pdftex.def)             Requested size: 227.62204pt x 176.88783pt.
 [5 <./06_Gpg4win_Installer_Language.png> <./07_Gpg4win_Setup.png>] <08_Gpg4win
_Setup.png, id=118, 499.8675pt x 387.4475pt>
File: 08_Gpg4win_Setup.png Graphic file (type png)

<use 08_Gpg4win_Setup.png>
Package pdftex.def Info: 08_Gpg4win_Setup.png used on input line 115.
(pdftex.def)             Requested size: 227.62204pt x 176.43077pt.

<09_Gpg4win_Setup.png, id=119, 499.8675pt x 388.45125pt>
File: 09_Gpg4win_Setup.png Graphic file (type png)

<use 09_Gpg4win_Setup.png>
Package pdftex.def Info: 09_Gpg4win_Setup.png used on input line 122.
(pdftex.def)             Requested size: 227.62204pt x 176.88783pt.
 [6 <./08_Gpg4win_Setup.png> <./09_Gpg4win_Setup.png>] <10_Gpg4win_Setup.png, i
d=126, 499.8675pt x 388.45125pt>
File: 10_Gpg4win_Setup.png Graphic file (type png)

<use 10_Gpg4win_Setup.png>
Package pdftex.def Info: 10_Gpg4win_Setup.png used on input line 130.
(pdftex.def)             Requested size: 227.62204pt x 176.88783pt.

<11_Gpg4win_Setup.png, id=127, 499.8675pt x 387.4475pt>
File: 11_Gpg4win_Setup.png Graphic file (type png)

<use 11_Gpg4win_Setup.png>
Package pdftex.def Info: 11_Gpg4win_Setup.png used on input line 137.
(pdftex.def)             Requested size: 227.62204pt x 176.43077pt.
 [7 <./10_Gpg4win_Setup.png> <./11_Gpg4win_Setup.png>] <12_Gpg4win_Setup.png, i
d=135, 499.8675pt x 387.4475pt>
File: 12_Gpg4win_Setup.png Graphic file (type png)

<use 12_Gpg4win_Setup.png>
Package pdftex.def Info: 12_Gpg4win_Setup.png used on input line 145.
(pdftex.def)             Requested size: 227.62204pt x 176.43077pt.

<14_Gpg4win_Setup.png, id=136, 499.8675pt x 387.4475pt>
File: 14_Gpg4win_Setup.png Graphic file (type png)

<use 14_Gpg4win_Setup.png>
Package pdftex.def Info: 14_Gpg4win_Setup.png used on input line 152.
(pdftex.def)             Requested size: 227.62204pt x 176.43077pt.
 [8 <./12_Gpg4win_Setup.png> <./14_Gpg4win_Setup.png>] <15_Gpg4win_Setup.png, i
d=143, 499.8675pt x 387.4475pt>
File: 15_Gpg4win_Setup.png Graphic file (type png)

<use 15_Gpg4win_Setup.png>
Package pdftex.def Info: 15_Gpg4win_Setup.png used on input line 160.
(pdftex.def)             Requested size: 199.16928pt x 154.37323pt.
 <16_Desktop.png, id=144, 602.25pt x 451.6875pt>
File: 16_Desktop.png Graphic file (type png)

<use 16_Desktop.png>
Package pdftex.def Info: 16_Desktop.png used on input line 167.
(pdftex.def)             Requested size: 256.0748pt x 192.06458pt.
 [9 <./15_Gpg4win_Setup.png> <./16_Desktop.png>]
Overfull \hbox (9.57153pt too wide) in paragraph at lines 175--177
\T1/lmr/m/n/10.95 Zato pre-poru£u-jemo \T1/lmr/bx/n/10.95 Thun-der-bird \T1/lmr
/m/n/10.95 kli-jenta elek-tronske po²te koji je otvorenog
 []

<20_Thunderbird_Mozilla.png, id=152, 1206.5075pt x 973.6375pt>
File: 20_Thunderbird_Mozilla.png Graphic file (type png)

<use 20_Thunderbird_Mozilla.png>
Package pdftex.def Info: 20_Thunderbird_Mozilla.png used on input line 181.
(pdftex.def)             Requested size: 284.52756pt x 229.60709pt.

<21_Thunderbird_Mozilla_downloading.png, id=153, 726.46407pt x 46.67438pt>
File: 21_Thunderbird_Mozilla_downloading.png Graphic file (type png)

<use 21_Thunderbird_Mozilla_downloading.png>
Package pdftex.def Info: 21_Thunderbird_Mozilla_downloading.png used on input l
ine 188.
(pdftex.def)             Requested size: 360.0pt x 23.12987pt.

<22_Thunderbird_Mozilla_downloaded.png, id=154, 963.6pt x 53.19875pt>
File: 22_Thunderbird_Mozilla_downloaded.png Graphic file (type png)

<use 22_Thunderbird_Mozilla_downloaded.png>
Package pdftex.def Info: 22_Thunderbird_Mozilla_downloaded.png used on input li
ne 195.
(pdftex.def)             Requested size: 360.0pt x 19.87479pt.

<23_Mozilla_Thunderbird_Setup.png, id=155, 500.87125pt x 388.45125pt>
File: 23_Mozilla_Thunderbird_Setup.png Graphic file (type png)

<use 23_Mozilla_Thunderbird_Setup.png>
Package pdftex.def Info: 23_Mozilla_Thunderbird_Setup.png used on input line 20
2.
(pdftex.def)             Requested size: 227.62204pt x 176.5322pt.


LaTeX Warning: `!h' float specifier changed to `!ht'.

[10 <./20_Thunderbird_Mozilla.png> <./21_Thunderbird_Mozilla_downloading.png> <
./22_Thunderbird_Mozilla_downloaded.png>]
<24_Mozilla_Thunderbird_Setup.png, id=163, 499.8675pt x 388.45125pt>
File: 24_Mozilla_Thunderbird_Setup.png Graphic file (type png)

<use 24_Mozilla_Thunderbird_Setup.png>
Package pdftex.def Info: 24_Mozilla_Thunderbird_Setup.png used on input line 21
0.
(pdftex.def)             Requested size: 227.62204pt x 176.88783pt.

<25_Mozilla_Thunderbird_Setup.png, id=164, 498.86375pt x 387.4475pt>
File: 25_Mozilla_Thunderbird_Setup.png Graphic file (type png)

<use 25_Mozilla_Thunderbird_Setup.png>
Package pdftex.def Info: 25_Mozilla_Thunderbird_Setup.png used on input line 21
7.
(pdftex.def)             Requested size: 227.62204pt x 176.78549pt.


LaTeX Warning: `!h' float specifier changed to `!ht'.

[11 <./23_Mozilla_Thunderbird_Setup.png> <./24_Mozilla_Thunderbird_Setup.png>]
<26_Mozilla_Thunderbird_Setup.png, id=172, 499.8675pt x 387.4475pt>
File: 26_Mozilla_Thunderbird_Setup.png Graphic file (type png)

<use 26_Mozilla_Thunderbird_Setup.png>
Package pdftex.def Info: 26_Mozilla_Thunderbird_Setup.png used on input line 22
5.
(pdftex.def)             Requested size: 227.62204pt x 176.43077pt.

<27_Mozilla_Thunderbird.png, id=173, 1017.8025pt x 669.50125pt>
File: 27_Mozilla_Thunderbird.png Graphic file (type png)

<use 27_Mozilla_Thunderbird.png>
Package pdftex.def Info: 27_Mozilla_Thunderbird.png used on input line 232.
(pdftex.def)             Requested size: 256.0748pt x 168.43733pt.


LaTeX Warning: `!h' float specifier changed to `!ht'.

[12 <./25_Mozilla_Thunderbird_Setup.png> <./26_Mozilla_Thunderbird_Setup.png>]
<28_Mozilla_Thunderbird_email_setup.png, id=180, 644.4075pt x 508.90125pt>
File: 28_Mozilla_Thunderbird_email_setup.png Graphic file (type png)

<use 28_Mozilla_Thunderbird_email_setup.png>
Package pdftex.def Info: 28_Mozilla_Thunderbird_email_setup.png used on input l
ine 240.
(pdftex.def)             Requested size: 227.62204pt x 179.75656pt.

<29_Mozilla_Thunderbird_email_credentials.png, id=181, 510.90875pt x 443.6575pt
>
File: 29_Mozilla_Thunderbird_email_credentials.png Graphic file (type png)
 <use 29_Mozilla_Thunderbird_email_credentials.png>
Package pdftex.def Info: 29_Mozilla_Thunderbird_email_credentials.png used on i
nput line 247.
(pdftex.def)             Requested size: 227.62204pt x 197.65373pt.


LaTeX Warning: `!h' float specifier changed to `!ht'.

[13 <./27_Mozilla_Thunderbird.png> <./28_Mozilla_Thunderbird_email_setup.png>]
<30_Mozilla_Thunderbird_email_credentials2.png, id=189, 507.8975pt x 443.6575pt
>
File: 30_Mozilla_Thunderbird_email_credentials2.png Graphic file (type png)
 <use 30_Mozilla_Thunderbird_email_credentials2.png>
Package pdftex.def Info: 30_Mozilla_Thunderbird_email_credentials2.png used on 
input line 255.
(pdftex.def)             Requested size: 227.62204pt x 198.83167pt.
 [14 <./29_Mozilla_Thunderbird_email_credentials.png> <./30_Mozilla_Thunderbird
_email_credentials2.png>]
<31_Mozilla_Thunderbird_plugins.png, id=196, 1317.92375pt x 674.52pt>
File: 31_Mozilla_Thunderbird_plugins.png Graphic file (type png)

<use 31_Mozilla_Thunderbird_plugins.png>
Package pdftex.def Info: 31_Mozilla_Thunderbird_plugins.png used on input line 
266.
(pdftex.def)             Requested size: 360.0pt x 184.24306pt.
 [15 <./31_Mozilla_Thunderbird_plugins.png>]
<32_Addons_Manager_Mozilla_Thunderbird.png, id=202, 1017.8025pt x 671.50874pt>
File: 32_Addons_Manager_Mozilla_Thunderbird.png Graphic file (type png)

<use 32_Addons_Manager_Mozilla_Thunderbird.png>
Package pdftex.def Info: 32_Addons_Manager_Mozilla_Thunderbird.png used on inpu
t line 279.
(pdftex.def)             Requested size: 360.0pt x 237.5112pt.

<33_Addons_Manager_Mozilla_Thunderbird.png, id=203, 1017.8025pt x 671.50874pt>
File: 33_Addons_Manager_Mozilla_Thunderbird.png Graphic file (type png)

<use 33_Addons_Manager_Mozilla_Thunderbird.png>
Package pdftex.def Info: 33_Addons_Manager_Mozilla_Thunderbird.png used on inpu
t line 287.
(pdftex.def)             Requested size: 360.0pt x 237.5112pt.
 [16 <./32_Addons_Manager_Mozilla_Thunderbird.png> <./33_Addons_Manager_Mozilla
_Thunderbird.png>]

Package hyperref Warning: Composite letter `\textasciicaron+c'
(hyperref)                not defined in PD1 encoding,
(hyperref)                removing `\textasciicaron' on input line 293.

<34_Enigmail_option.png, id=211, 1505.625pt x 672.5125pt>
File: 34_Enigmail_option.png Graphic file (type png)

<use 34_Enigmail_option.png>
Package pdftex.def Info: 34_Enigmail_option.png used on input line 296.
(pdftex.def)             Requested size: 360.0pt x 160.80086pt.

<35_Enigmail_Setup_Wizard.png, id=212, 704.6325pt x 533.995pt>
File: 35_Enigmail_Setup_Wizard.png Graphic file (type png)

<use 35_Enigmail_Setup_Wizard.png>
Package pdftex.def Info: 35_Enigmail_Setup_Wizard.png used on input line 304.
(pdftex.def)             Requested size: 227.62204pt x 172.49521pt.
LaTeX Font Info:    Try loading font information for T1+lmtt on input line 305.

 (/usr/share/texmf/tex/latex/lm/t1lmtt.fd
File: t1lmtt.fd 2009/10/30 v1.6 Font defs for Latin Modern
)
[17 <./34_Enigmail_option.png> <./35_Enigmail_Setup_Wizard.png>]
<36_Enigmail_Setup_Wizard.png, id=220, 704.6325pt x 533.995pt>
File: 36_Enigmail_Setup_Wizard.png Graphic file (type png)

<use 36_Enigmail_Setup_Wizard.png>
Package pdftex.def Info: 36_Enigmail_Setup_Wizard.png used on input line 312.
(pdftex.def)             Requested size: 256.0748pt x 194.06322pt.

<37_Enigmail_Setup_Wizard.png, id=221, 528.47438pt x 400.49625pt>
File: 37_Enigmail_Setup_Wizard.png Graphic file (type png)

<use 37_Enigmail_Setup_Wizard.png>
Package pdftex.def Info: 37_Enigmail_Setup_Wizard.png used on input line 321.
(pdftex.def)             Requested size: 256.0748pt x 194.06322pt.
 [18 <./36_Enigmail_Setup_Wizard.png> <./37_Enigmail_Setup_Wizard.png>]
<38_Enigmail_Setup_Wizard.png, id=228, 704.6325pt x 533.995pt>
File: 38_Enigmail_Setup_Wizard.png Graphic file (type png)

<use 38_Enigmail_Setup_Wizard.png>
Package pdftex.def Info: 38_Enigmail_Setup_Wizard.png used on input line 329.
(pdftex.def)             Requested size: 256.0748pt x 194.06322pt.
LaTeX Font Info:    Try loading font information for T1+lmss on input line 330.

 (/usr/share/texmf/tex/latex/lm/t1lmss.fd
File: t1lmss.fd 2009/10/30 v1.6 Font defs for Latin Modern
)
<39_Enigmail_Setup_Wizard.png, id=229, 703.62875pt x 532.99126pt>
File: 39_Enigmail_Setup_Wizard.png Graphic file (type png)

<use 39_Enigmail_Setup_Wizard.png>
Package pdftex.def Info: 39_Enigmail_Setup_Wizard.png used on input line 337.
(pdftex.def)             Requested size: 256.0748pt x 193.96683pt.
 [19 <./38_Enigmail_Setup_Wizard.png> <./39_Enigmail_Setup_Wizard.png>]
<40_Create_&_Save_Revocation_Certificate.png, id=238, 948.54375pt x 533.995pt>
File: 40_Create_&_Save_Revocation_Certificate.png Graphic file (type png)

<use 40_Create_&_Save_Revocation_Certificate.png>
Package pdftex.def Info: 40_Create_&_Save_Revocation_Certificate.png used on in
put line 345.
(pdftex.def)             Requested size: 312.9803pt x 176.19444pt.

<41_Enigmail_Alert.png, id=239, 604.2575pt x 159.59625pt>
File: 41_Enigmail_Alert.png Graphic file (type png)

<use 41_Enigmail_Alert.png>
Package pdftex.def Info: 41_Enigmail_Alert.png used on input line 353.
(pdftex.def)             Requested size: 256.0748pt x 67.6339pt.
 [20 <./40_Create_&_Save_Revocation_Certificate.png> <./41_Enigmail_Alert.png>]

<42_Enigmail_Setup_Wizard.png, id=246, 704.6325pt x 533.995pt>
File: 42_Enigmail_Setup_Wizard.png Graphic file (type png)

<use 42_Enigmail_Setup_Wizard.png>
Package pdftex.def Info: 42_Enigmail_Setup_Wizard.png used on input line 362.
(pdftex.def)             Requested size: 256.0748pt x 194.06322pt.

<43_Enigmail_Setup_Wizard.png, id=247, 704.6325pt x 533.995pt>
File: 43_Enigmail_Setup_Wizard.png Graphic file (type png)

<use 43_Enigmail_Setup_Wizard.png>
Package pdftex.def Info: 43_Enigmail_Setup_Wizard.png used on input line 370.
(pdftex.def)             Requested size: 256.0748pt x 194.06322pt.
 [21 <./42_Enigmail_Setup_Wizard.png> <./43_Enigmail_Setup_Wizard.png>]

Package hyperref Warning: Composite letter `\textasciicaron+c'
(hyperref)                not defined in PD1 encoding,
(hyperref)                removing `\textasciicaron' on input line 376.


Package hyperref Warning: Composite letter `\textasciicaron+c'
(hyperref)                not defined in PD1 encoding,
(hyperref)                removing `\textasciicaron' on input line 376.

<44_Enigmail_Setup_Wizard.png, id=254, 1505.625pt x 671.50874pt>
File: 44_Enigmail_Setup_Wizard.png Graphic file (type png)

<use 44_Enigmail_Setup_Wizard.png>
Package pdftex.def Info: 44_Enigmail_Setup_Wizard.png used on input line 380.
(pdftex.def)             Requested size: 360.0pt x 160.56085pt.

<45_Enigmail_Key_Management.png, id=255, 688.5725pt x 444.66125pt>
File: 45_Enigmail_Key_Management.png Graphic file (type png)

<use 45_Enigmail_Key_Management.png>
Package pdftex.def Info: 45_Enigmail_Key_Management.png used on input line 388.

(pdftex.def)             Requested size: 256.0748pt x 165.36342pt.
 [22 <./44_Enigmail_Setup_Wizard.png> <./45_Enigmail_Key_Management.png>]

Package hyperref Warning: Composite letter `\textasciicaron+c'
(hyperref)                not defined in PD1 encoding,
(hyperref)                removing `\textasciicaron' on input line 395.

File: 44_Enigmail_Setup_Wizard.png Graphic file (type png)
<use 44_Enigmail_Setup_Wizard.png>
Package pdftex.def Info: 44_Enigmail_Setup_Wizard.png used on input line 399.
(pdftex.def)             Requested size: 360.0pt x 160.56085pt.

<47_keymanagment_searchforkey.png, id=262, 688.5725pt x 444.66125pt>
File: 47_keymanagment_searchforkey.png Graphic file (type png)

<use 47_keymanagment_searchforkey.png>
Package pdftex.def Info: 47_keymanagment_searchforkey.png used on input line 40
7.
(pdftex.def)             Requested size: 256.0748pt x 165.36342pt.
 [23 <./47_keymanagment_searchforkey.png>] <48_keymanagment_searchforkey.png, i
d=269, 269.005pt x 164.615pt>
File: 48_keymanagment_searchforkey.png Graphic file (type png)

<use 48_keymanagment_searchforkey.png>
Package pdftex.def Info: 48_keymanagment_searchforkey.png used on input line 41
5.
(pdftex.def)             Requested size: 142.26378pt x 87.05714pt.

<49_keymanagment_searchforkey.png, id=270, 728.7225pt x 503.8825pt>
File: 49_keymanagment_searchforkey.png Graphic file (type png)

<use 49_keymanagment_searchforkey.png>
Package pdftex.def Info: 49_keymanagment_searchforkey.png used on input line 42
3.
(pdftex.def)             Requested size: 256.0748pt x 177.06117pt.
 [24 <./48_keymanagment_searchforkey.png> <./49_keymanagment_searchforkey.png>]

<50_keymanagment_searchforkey.png, id=277, 728.7225pt x 503.8825pt>
File: 50_keymanagment_searchforkey.png Graphic file (type png)

<use 50_keymanagment_searchforkey.png>
Package pdftex.def Info: 50_keymanagment_searchforkey.png used on input line 43
1.
(pdftex.def)             Requested size: 256.0748pt x 177.06117pt.

<51_keymanagment_searchforkey.png, id=278, 516.42938pt x 333.49594pt>
File: 51_keymanagment_searchforkey.png Graphic file (type png)

<use 51_keymanagment_searchforkey.png>
Package pdftex.def Info: 51_keymanagment_searchforkey.png used on input line 43
9.
(pdftex.def)             Requested size: 256.0748pt x 165.3685pt.
 [25 <./50_keymanagment_searchforkey.png> <./51_keymanagment_searchforkey.png>]

<52_write_encrypted_message.png, id=286, 1072.005pt x 836.12375pt>
File: 52_write_encrypted_message.png Graphic file (type png)

<use 52_write_encrypted_message.png>
Package pdftex.def Info: 52_write_encrypted_message.png used on input line 448.

(pdftex.def)             Requested size: 227.62204pt x 177.53041pt.

Underfull \hbox (badness 10000) in paragraph at lines 449--449
[]\T1/lmr/m/n/10.95 Figure 48: []Sastavimo novu ²ifrovanu poruku za Bobana
 []

<53_encrypted_message_google.png, id=287, 1104.125pt x 933.4875pt>
File: 53_encrypted_message_google.png Graphic file (type png)

<use 53_encrypted_message_google.png>
Package pdftex.def Info: 53_encrypted_message_google.png used on input line 455
.
(pdftex.def)             Requested size: 227.62204pt x 192.43446pt.

Underfull \hbox (badness 10000) in paragraph at lines 456--456

 []


Underfull \hbox (badness 10000) in paragraph at lines 456--456

 []


Underfull \hbox (badness 10000) in paragraph at lines 456--456

 []

[26 <./52_write_encrypted_message.png> <./53_encrypted_message_google.png>]
<Inbox_decrypt1.png, id=294, 763.35187pt x 503.63156pt>
File: Inbox_decrypt1.png Graphic file (type png)

<use Inbox_decrypt1.png>
Package pdftex.def Info: Inbox_decrypt1.png used on input line 465.
(pdftex.def)             Requested size: 256.0748pt x 168.95007pt.

<Inbox_decrypt2.png, id=295, 763.35187pt x 503.63156pt>
File: Inbox_decrypt2.png Graphic file (type png)

<use Inbox_decrypt2.png>
Package pdftex.def Info: Inbox_decrypt2.png used on input line 473.
(pdftex.def)             Requested size: 256.0748pt x 168.95007pt.
 [27 <./Inbox_decrypt1.png> <./Inbox_decrypt2.png>]
[28] <wlm_GPA.png, id=306, 803.0pt x 602.25pt>
File: wlm_GPA.png Graphic file (type png)
 <use wlm_GPA.png>
Package pdftex.def Info: wlm_GPA.png used on input line 488.
(pdftex.def)             Requested size: 256.0748pt x 192.06229pt.

<wlm_GPA_clipboard2.png, id=307, 644.4075pt x 513.92pt>
File: wlm_GPA_clipboard2.png Graphic file (type png)

<use wlm_GPA_clipboard2.png>
Package pdftex.def Info: wlm_GPA_clipboard2.png used on input line 496.
(pdftex.def)             Requested size: 256.0748pt x 204.23125pt.
 [29 <./wlm_GPA.png> <./wlm_GPA_clipboard2.png>]
<wlm_GPA_clipboard_encrypt.png, id=314, 417.56pt x 557.08125pt>
File: wlm_GPA_clipboard_encrypt.png Graphic file (type png)

<use wlm_GPA_clipboard_encrypt.png>
Package pdftex.def Info: wlm_GPA_clipboard_encrypt.png used on input line 506.
(pdftex.def)             Requested size: 170.71652pt x 227.75876pt.

<wlm_GPA_clipboard4.png, id=315, 644.4075pt x 513.92pt>
File: wlm_GPA_clipboard4.png Graphic file (type png)

<use wlm_GPA_clipboard4.png>
Package pdftex.def Info: wlm_GPA_clipboard4.png used on input line 514.
(pdftex.def)             Requested size: 256.0748pt x 204.23125pt.
 [30 <./wlm_GPA_clipboard_encrypt.png> <./wlm_GPA_clipboard4.png>]
<wlm_GPA_clipboard5_copy_message.png, id=323, 644.4075pt x 513.92pt>
File: wlm_GPA_clipboard5_copy_message.png Graphic file (type png)

<use wlm_GPA_clipboard5_copy_message.png>
Package pdftex.def Info: wlm_GPA_clipboard5_copy_message.png used on input line
 522.
(pdftex.def)             Requested size: 256.0748pt x 204.23125pt.

<EncryptedMailWLM.png, id=324, 1206.5075pt x 888.31876pt>
File: EncryptedMailWLM.png Graphic file (type png)

<use EncryptedMailWLM.png>
Package pdftex.def Info: EncryptedMailWLM.png used on input line 530.
(pdftex.def)             Requested size: 312.9803pt x 230.4288pt.
Package atveryend Info: Empty hook `BeforeClearDocument' on input line 537.
 [31 <./wlm_GPA_clipboard5_copy_message.png> <./EncryptedMailWLM.png>]
Package atveryend Info: Empty hook `AfterLastShipout' on input line 537.
 (./Windows sifrovani mejl.aux)
Package atveryend Info: Executing hook `AtVeryEndDocument' on input line 537.
Package atveryend Info: Executing hook `AtEndAfterFileList' on input line 537.
Package rerunfilecheck Info: File `"Windows sifrovani mejl".out' has not change
d.
(rerunfilecheck)             Checksum: B356AAF4EDE57BDCB491BBEEC3B40558;835.


LaTeX Warning: There were multiply-defined labels.

Package atveryend Info: Empty hook `AtVeryVeryEnd' on input line 537.
 ) 
Here is how much of TeX's memory you used:
 6453 strings out of 493304
 97920 string characters out of 6139871
 172050 words of memory out of 5000000
 9662 multiletter control sequences out of 15000+600000
 78448 words of font info for 53 fonts, out of 8000000 for 9000
 957 hyphenation exceptions out of 8191
 29i,8n,31p,691b,335s stack positions out of 5000i,500n,10000p,200000b,80000s
{/usr/share/texmf/fonts/enc/dvips/lm/lm-ec.enc}</usr/share/texmf/fonts/type1/
public/lm/lmbx10.pfb></usr/share/texmf/fonts/type1/public/lm/lmbx12.pfb></usr/s
hare/texmf/fonts/type1/public/lm/lmbx9.pfb></usr/share/texmf/fonts/type1/public
/lm/lmcsc10.pfb></usr/share/texmf/fonts/type1/public/lm/lmr10.pfb></usr/share/t
exmf/fonts/type1/public/lm/lmr12.pfb></usr/share/texmf/fonts/type1/public/lm/lm
r6.pfb></usr/share/texmf/fonts/type1/public/lm/lmr8.pfb></usr/share/texmf/fonts
/type1/public/lm/lmr9.pfb></usr/share/texmf/fonts/type1/public/lm/lmri10.pfb></
usr/share/texmf/fonts/type1/public/lm/lmss10.pfb></usr/share/texmf/fonts/type1/
public/lm/lmtt10.pfb>
Output written on "Windows sifrovani mejl.pdf" (31 pages, 3458562 bytes).
PDF statistics:
 396 PDF objects out of 1000 (max. 8388607)
 290 compressed objects within 3 object streams
 104 named destinations out of 1000 (max. 500000)
 377 words of extra memory for PDF output out of 10000 (max. 10000000)

